Enter main function!
The 0th param is: 
/home/darklord4722/android_kernel_ark_benefit_m7-master/tools/dct/DrvGen
The 1th param is: 
/home/darklord4722/android_kernel_ark_benefit_m7-master/drivers/misc/mediatek/mach/mt6735/benefit_m7/dct/dct/codegen.dws
The 2th param is: 
/home/darklord4722/android_kernel_ark_benefit_m7-master/drivers/misc/mediatek/mach/mt6735/benefit_m7/dct/dct/inc
The 3th param is: 
/home/darklord4722/android_kernel_ark_benefit_m7-master/drivers/misc/mediatek/mach/mt6735/benefit_m7/dct/dct/inc
The 4th param is: 
adc_dtsi
begin to open log file!
DCT gen no log file for AOSP!
start to gen code!
start to read workspace!
Enter main function!
The 0th param is: 
/home/darklord4722/android_kernel_ark_benefit_m7-master/tools/dct/DrvGen
The 1th param is: 
/home/darklord4722/android_kernel_ark_benefit_m7-master/drivers/misc/mediatek/mach/mt6735/benefit_m7/dct/dct/codegen.dws
The 2th param is: 
/home/darklord4722/android_kernel_ark_benefit_m7-master/drivers/misc/mediatek/mach/mt6735/benefit_m7/dct/dct/inc
The 3th param is: 
/home/darklord4722/android_kernel_ark_benefit_m7-master/drivers/misc/mediatek/mach/mt6735/benefit_m7/dct/dct/inc
The 4th param is: 
md1_eint_dtsi
begin to open log file!
DCT gen no log file for AOSP!
start to gen code!
start to read workspace!
/home/darklord4722/android_kernel_ark_benefit_m7-master/drivers/misc/mediatek/mach/mt6735/benefit_m7/dct/dct/codegen.dws
start to parse fig file!
Enter main function!
The 0th param is: 
/home/darklord4722/android_kernel_ark_benefit_m7-master/tools/dct/DrvGen
The 1th param is: 
/home/darklord4722/android_kernel_ark_benefit_m7-master/drivers/misc/mediatek/mach/mt6735/benefit_m7/dct/dct/codegen.dws
The 2th param is: 
/home/darklord4722/android_kernel_ark_benefit_m7-master/drivers/misc/mediatek/mach/mt6735/benefit_m7/dct/dct/inc
The 3th param is: 
/home/darklord4722/android_kernel_ark_benefit_m7-master/drivers/misc/mediatek/mach/mt6735/benefit_m7/dct/dct/inc
The 4th param is: 
kpd_dtsi
/home/darklord4722/android_kernel_ark_benefit_m7-master/drivers/misc/mediatek/mach/mt6735/benefit_m7/dct/dct/codegen.dws
start to parse fig file!
begin to open log file!
DCT gen no log file for AOSP!
start to gen code!
start to read workspace!
/home/darklord4722/android_kernel_ark_benefit_m7-master/drivers/misc/mediatek/mach/mt6735/benefit_m7/dct/dct/codegen.dws
start to parse fig file!
Enter main function!
The 0th param is: 
/home/darklord4722/android_kernel_ark_benefit_m7-master/tools/dct/DrvGen
The 1th param is: 
/home/darklord4722/android_kernel_ark_benefit_m7-master/drivers/misc/mediatek/mach/mt6735/benefit_m7/dct/dct/codegen.dws
The 2th param is: 
/home/darklord4722/android_kernel_ark_benefit_m7-master/drivers/misc/mediatek/mach/mt6735/benefit_m7/dct/dct/inc
The 3th param is: 
/home/darklord4722/android_kernel_ark_benefit_m7-master/drivers/misc/mediatek/mach/mt6735/benefit_m7/dct/dct/inc
The 4th param is: 
clk_buf_dtsi
begin to open log file!
DCT gen no log file for AOSP!
start to gen code!
start to read workspace!
/home/darklord4722/android_kernel_ark_benefit_m7-master/drivers/misc/mediatek/mach/mt6735/benefit_m7/dct/dct/codegen.dws
start to parse fig file!
  CHK     include/generated/uapi/linux/version.h
  CHK     include/generated/utsrelease.h
  CC      scripts/mod/devicetable-offsets.s
start to parse fig file!
Start to gen cust_md1_eint.dtsi...
Gen cust_md1_eint.dtsi file successfully!.
start to parse fig file!
  GEN     scripts/mod/devicetable-offsets.h
Start to gen cust_adc.dtsi...
Gen cust_adc.dtsi file successfully!.
  HOSTCC  scripts/mod/file2alias.o
  HOSTLD  scripts/mod/modpost
start to parse fig file!
start to parse fig file!
Start to gen cust_kpd.dtsi...
Gen cust_kpd.dtsi file successfully!.
Start to gen cust_clk_buf.dtsi...
Gen cust_clk_buf.dtsi file successfully!.
make[1]: Цель `dtbs' не требует выполнения команд.
  CALL    scripts/checksyscalls.sh
  CHK     include/generated/compile.h
"CONFIG_TRUSTONIC_TEE_SUPPORT = "
  CC      drivers/misc/mediatek/custeint/cust_eint_for_key.o
In file included from drivers/misc/mediatek/custeint/cust_eint_for_key.c:5:0:
include/linux/fb.h:26:0: warning: "CONFIG_DMA_SHARED_BUFFER" redefined [enabled by default]
 #define CONFIG_DMA_SHARED_BUFFER
 ^
In file included from /home/darklord4722/android_kernel_ark_benefit_m7-master/include/linux/kconfig.h:4:0,
                 from <command-line>:0:
include/generated/autoconf.h:918:0: note: this is the location of the previous definition
 #define CONFIG_DMA_SHARED_BUFFER 1
 ^
In file included from drivers/misc/mediatek/custeint/cust_eint_for_key.c:27:0:
/home/darklord4722/android_kernel_ark_benefit_m7-master/drivers/misc/mediatek/mach/mt6735/include/mach/irqs.h:10:0: warning: "NR_IRQS" redefined [enabled by default]
 #define NR_IRQS (NR_MT_IRQ_LINE+220)
 ^
In file included from /home/darklord4722/android_kernel_ark_benefit_m7-master/arch/arm64/include/asm/irq.h:4:0,
                 from /home/darklord4722/android_kernel_ark_benefit_m7-master/arch/arm64/include/asm/hardirq.h:21,
                 from include/linux/hardirq.h:8,
                 from include/linux/interrupt.h:12,
                 from drivers/misc/mediatek/custeint/cust_eint_for_key.c:17:
include/asm-generic/irq.h:10:0: note: this is the location of the previous definition
 #define NR_IRQS 64
 ^
In file included from include/mach/mt_gpio.h:15:0,
                 from drivers/misc/mediatek/custeint/cust_eint_for_key.c:29:
/home/darklord4722/android_kernel_ark_benefit_m7-master/drivers/misc/mediatek/mach/mt6735/benefit_m7/dct/dct/inc/cust_gpio_usage.h:322:0: warning: "GPIO_LCM_PWR_M_PWM" redefined [enabled by default]
 #define GPIO_LCM_PWR_M_PWM   GPIO_MODE_02
 ^
/home/darklord4722/android_kernel_ark_benefit_m7-master/drivers/misc/mediatek/mach/mt6735/benefit_m7/dct/dct/inc/cust_gpio_usage.h:321:0: note: this is the location of the previous definition
 #define GPIO_LCM_PWR_M_PWM  GPIO_MODE_01
 ^
/home/darklord4722/android_kernel_ark_benefit_m7-master/drivers/misc/mediatek/mach/mt6735/benefit_m7/dct/dct/inc/cust_gpio_usage.h:450:0: warning: "GPIO_KPD_KCOL1_PIN_M_UCTS" redefined [enabled by default]
 #define GPIO_KPD_KCOL1_PIN_M_UCTS   GPIO_MODE_03
 ^
/home/darklord4722/android_kernel_ark_benefit_m7-master/drivers/misc/mediatek/mach/mt6735/benefit_m7/dct/dct/inc/cust_gpio_usage.h:449:0: note: this is the location of the previous definition
 #define GPIO_KPD_KCOL1_PIN_M_UCTS   GPIO_MODE_02
 ^
drivers/misc/mediatek/custeint/cust_eint_for_key.c: In function 'cust_eint_read':
drivers/misc/mediatek/custeint/cust_eint_for_key.c:237:6: warning: unused variable 'i' [-Wunused-variable]
  int i,err;
      ^
  LD      drivers/misc/mediatek/custeint/built-in.o
/home/darklord4722/android_kernel_ark_benefit_m7-master/drivers/misc/mediatek/fmradio/Makefile:13: feature_option="MT6625_FM"
/home/darklord4722/android_kernel_ark_benefit_m7-master/drivers/misc/mediatek/fmradio/Makefile:109: MT6627_FM
/home/darklord4722/android_kernel_ark_benefit_m7-master/drivers/misc/mediatek/fmradio/Makefile:134: core/fm_module.o core/fm_main.o core/fm_config.o core/fm_rds_parser.o core/fm_patch.o core/fm_utils.o core/fm_link.o core/fm_eint.o mt6627/pub/mt6627_fm_lib.o mt6627/pub/mt6627_fm_rds.o mt6627/pub/mt6627_fm_cmd.o mt6627/pub/mt6627_fm_config.o
mali MTK evironment
"the custom_kernel_imgsensor:imx219_mipi_raw/ sp2508_mipi_raw/"
imgsensor drv by platform imx219_mipi_raw sp2508_mipi_raw
  CC      drivers/misc/mediatek/keypad/kpd.o
In file included from /home/darklord4722/android_kernel_ark_benefit_m7-master/drivers/misc/mediatek/mach/mt6735/include/mach/hal_pub_kpd.h:7:0,
                 from include/linux/kpd.h:47,
                 from drivers/misc/mediatek/keypad/kpd.c:20:
/home/darklord4722/android_kernel_ark_benefit_m7-master/drivers/misc/mediatek/mach/mt6735/include/mach/irqs.h:10:0: warning: "NR_IRQS" redefined [enabled by default]
 #define NR_IRQS (NR_MT_IRQ_LINE+220)
 ^
In file included from /home/darklord4722/android_kernel_ark_benefit_m7-master/arch/arm64/include/asm/irq.h:4:0,
                 from /home/darklord4722/android_kernel_ark_benefit_m7-master/arch/arm64/include/asm/hardirq.h:21,
                 from include/linux/hardirq.h:8,
                 from include/linux/interrupt.h:12,
                 from include/linux/kpd.h:33,
                 from drivers/misc/mediatek/keypad/kpd.c:20:
include/asm-generic/irq.h:10:0: note: this is the location of the previous definition
 #define NR_IRQS 64
 ^
In file included from include/mach/mt_gpio.h:15:0,
                 from /home/darklord4722/android_kernel_ark_benefit_m7-master/drivers/misc/mediatek/mach/mt6735/include/mach/hal_pub_kpd.h:9,
                 from include/linux/kpd.h:47,
                 from drivers/misc/mediatek/keypad/kpd.c:20:
/home/darklord4722/android_kernel_ark_benefit_m7-master/drivers/misc/mediatek/mach/mt6735/benefit_m7/dct/dct/inc/cust_gpio_usage.h:322:0: warning: "GPIO_LCM_PWR_M_PWM" redefined [enabled by default]
 #define GPIO_LCM_PWR_M_PWM   GPIO_MODE_02
 ^
/home/darklord4722/android_kernel_ark_benefit_m7-master/drivers/misc/mediatek/mach/mt6735/benefit_m7/dct/dct/inc/cust_gpio_usage.h:321:0: note: this is the location of the previous definition
 #define GPIO_LCM_PWR_M_PWM  GPIO_MODE_01
 ^
/home/darklord4722/android_kernel_ark_benefit_m7-master/drivers/misc/mediatek/mach/mt6735/benefit_m7/dct/dct/inc/cust_gpio_usage.h:450:0: warning: "GPIO_KPD_KCOL1_PIN_M_UCTS" redefined [enabled by default]
 #define GPIO_KPD_KCOL1_PIN_M_UCTS   GPIO_MODE_03
 ^
/home/darklord4722/android_kernel_ark_benefit_m7-master/drivers/misc/mediatek/mach/mt6735/benefit_m7/dct/dct/inc/cust_gpio_usage.h:449:0: note: this is the location of the previous definition
 #define GPIO_KPD_KCOL1_PIN_M_UCTS   GPIO_MODE_02
 ^
drivers/misc/mediatek/keypad/kpd.c:113:13: warning: function declaration isn't a prototype [-Wstrict-prototypes]
 static void timer_exit() 
             ^
drivers/misc/mediatek/keypad/kpd.c:118:13: warning: function declaration isn't a prototype [-Wstrict-prototypes]
 static void timer_function() 
             ^
drivers/misc/mediatek/keypad/kpd.c:125:12: warning: function declaration isn't a prototype [-Wstrict-prototypes]
 static int timer_init() 
            ^
  CC      drivers/misc/mediatek/keypad/mt6735/hal_kpd.o
In file included from include/mach/mt_gpio.h:15:0,
                 from /home/darklord4722/android_kernel_ark_benefit_m7-master/drivers/misc/mediatek/mach/mt6735/include/mach/hal_pub_kpd.h:9,
                 from drivers/misc/mediatek/keypad/mt6735/hal_kpd.c:1:
/home/darklord4722/android_kernel_ark_benefit_m7-master/drivers/misc/mediatek/mach/mt6735/benefit_m7/dct/dct/inc/cust_gpio_usage.h:322:0: warning: "GPIO_LCM_PWR_M_PWM" redefined [enabled by default]
 #define GPIO_LCM_PWR_M_PWM   GPIO_MODE_02
 ^
/home/darklord4722/android_kernel_ark_benefit_m7-master/drivers/misc/mediatek/mach/mt6735/benefit_m7/dct/dct/inc/cust_gpio_usage.h:321:0: note: this is the location of the previous definition
 #define GPIO_LCM_PWR_M_PWM  GPIO_MODE_01
 ^
/home/darklord4722/android_kernel_ark_benefit_m7-master/drivers/misc/mediatek/mach/mt6735/benefit_m7/dct/dct/inc/cust_gpio_usage.h:450:0: warning: "GPIO_KPD_KCOL1_PIN_M_UCTS" redefined [enabled by default]
 #define GPIO_KPD_KCOL1_PIN_M_UCTS   GPIO_MODE_03
 ^
/home/darklord4722/android_kernel_ark_benefit_m7-master/drivers/misc/mediatek/mach/mt6735/benefit_m7/dct/dct/inc/cust_gpio_usage.h:449:0: note: this is the location of the previous definition
 #define GPIO_KPD_KCOL1_PIN_M_UCTS   GPIO_MODE_02
 ^
  LD      drivers/misc/mediatek/keypad/mt6735/built-in.o
  LD      drivers/misc/mediatek/keypad/built-in.o
/home/darklord4722/android_kernel_ark_benefit_m7-master/drivers/misc/mediatek/ssw/Makefile:5: "SSW_DIR=/home/darklord4722/android_kernel_ark_benefit_m7-master/drivers/misc/mediatek/ssw/ssw_single_v2ssw_exist=y"
  LD      drivers/misc/mediatek/built-in.o
  LD      drivers/misc/built-in.o
  LD      drivers/built-in.o
  LINK    vmlinux
  LD      vmlinux.o
  MODPOST vmlinux.o
WARNING: modpost: Found 46 section mismatch(es).
To see full details build your kernel with:
'make CONFIG_DEBUG_SECTION_MISMATCH=y'
  GEN     .version
  CHK     include/generated/compile.h
  UPD     include/generated/compile.h
  CC      init/version.o
  LD      init/built-in.o
  KSYM    .tmp_kallsyms1.o
  KSYM    .tmp_kallsyms2.o
  LD      vmlinux
  SYSMAP  System.map
  OBJCOPY arch/arm64/boot/Image
  DTC     arch/arm64/boot/dts/benefit_m7.dtb
  GZIP    arch/arm64/boot/Image.gz
  CAT     arch/arm64/boot/Image.gz-dtb
